Using pre-set license
Built from '2022.3/staging' branch; Version is '2022.3.9f1 (ea401c316338) revision 15351836'; Using compiler version '192829333'; Build Type 'Release'
OS: 'Windows 11  (10.0.22621) 64bit Professional' Language: 'ko' Physical Memory: 32581 MB
BatchMode: 1, IsHumanControllingUs: 0, StartBugReporterOnCrash: 0, Is64bit: 1, IsPro: 1

COMMAND LINE ARGUMENTS:
C:\Program Files\Unity\Hub\Editor\2022.3.9f1\Editor\Unity.exe
-adb2
-batchMode
-noUpm
-name
AssetImportWorker0
-projectPath
C:/Users/billj/OneDrive/문서/GitHub/tetris_on_frame/Tetris On Frame
-logFile
Logs/AssetImportWorker0.log
-srvPort
56109
Successfully changed project path to: C:/Users/billj/OneDrive/문서/GitHub/tetris_on_frame/Tetris On Frame
C:/Users/billj/OneDrive/문서/GitHub/tetris_on_frame/Tetris On Frame
[UnityMemory] Configuration Parameters - Can be set up in boot.config
    "memorysetup-bucket-allocator-granularity=16"
    "memorysetup-bucket-allocator-bucket-count=8"
    "memorysetup-bucket-allocator-block-size=33554432"
    "memorysetup-bucket-allocator-block-count=8"
    "memorysetup-main-allocator-block-size=16777216"
    "memorysetup-thread-allocator-block-size=16777216"
    "memorysetup-gfx-main-allocator-block-size=16777216"
    "memorysetup-gfx-thread-allocator-block-size=16777216"
    "memorysetup-cache-allocator-block-size=4194304"
    "memorysetup-typetree-allocator-block-size=2097152"
    "memorysetup-profiler-bucket-allocator-granularity=16"
    "memorysetup-profiler-bucket-allocator-bucket-count=8"
    "memorysetup-profiler-bucket-allocator-block-size=33554432"
    "memorysetup-profiler-bucket-allocator-block-count=8"
    "memorysetup-profiler-allocator-block-size=16777216"
    "memorysetup-profiler-editor-allocator-block-size=1048576"
    "memorysetup-temp-allocator-size-main=16777216"
    "memorysetup-job-temp-allocator-block-size=2097152"
    "memorysetup-job-temp-allocator-block-size-background=1048576"
    "memorysetup-job-temp-allocator-reduction-small-platforms=262144"
    "memorysetup-allocator-temp-initial-block-size-main=262144"
    "memorysetup-allocator-temp-initial-block-size-worker=262144"
    "memorysetup-temp-allocator-size-background-worker=32768"
    "memorysetup-temp-allocator-size-job-worker=262144"
    "memorysetup-temp-allocator-size-preload-manager=33554432"
    "memorysetup-temp-allocator-size-nav-mesh-worker=65536"
    "memorysetup-temp-allocator-size-audio-worker=65536"
    "memorysetup-temp-allocator-size-cloud-worker=32768"
    "memorysetup-temp-allocator-size-gi-baking-worker=262144"
    "memorysetup-temp-allocator-size-gfx=262144"
Player connection [22248] Host "[IP] 14.56.78.156 [Port] 0 [Flags] 2 [Guid] 2208702763 [EditorId] 2208702763 [Version] 1048832 [Id] WindowsEditor(7,Bill_Desktop) [Debug] 1 [PackageName] WindowsEditor [ProjectName] Editor" joined multi-casting on [225.0.0.222:54997]...

Player connection [22248] Host "[IP] 14.56.78.156 [Port] 0 [Flags] 2 [Guid] 2208702763 [EditorId] 2208702763 [Version] 1048832 [Id] WindowsEditor(7,Bill_Desktop) [Debug] 1 [PackageName] WindowsEditor [ProjectName] Editor" joined alternative multi-casting on [225.0.0.222:34997]...

[Physics::Module] Initialized MultithreadedJobDispatcher with 11 workers.
Refreshing native plugins compatible for Editor in 115.74 ms, found 4 plugins.
Preloading 0 native plugins for Editor in 0.00 ms.
Initialize engine version: 2022.3.9f1 (ea401c316338)
[Subsystems] Discovering subsystems at path C:/Program Files/Unity/Hub/Editor/2022.3.9f1/Editor/Data/Resources/UnitySubsystems
[Subsystems] Discovering subsystems at path C:/Users/billj/OneDrive/문서/GitHub/tetris_on_frame/Tetris On Frame/Assets
GfxDevice: creating device client; threaded=0; jobified=0
Direct3D:
    Version:  Direct3D 11.0 [level 11.1]
    Renderer: NVIDIA GeForce RTX 3050 (ID=0x2507)
    Vendor:   NVIDIA
    VRAM:     8056 MB
    Driver:   31.0.15.3699
Initialize mono
Mono path[0] = 'C:/Program Files/Unity/Hub/Editor/2022.3.9f1/Editor/Data/Managed'
Mono path[1] = 'C:/Program Files/Unity/Hub/Editor/2022.3.9f1/Editor/Data/MonoBleedingEdge/lib/mono/unityjit-win32'
Mono config path = 'C:/Program Files/Unity/Hub/Editor/2022.3.9f1/Editor/Data/MonoBleedingEdge/etc'
Using monoOptions --debugger-agent=transport=dt_socket,embedding=1,server=y,suspend=n,address=127.0.0.1:56444
Begin MonoManager ReloadAssembly
Registering precompiled unity dll's ...
Register platform support module: C:/Program Files/Unity/Hub/Editor/2022.3.9f1/Editor/Data/PlaybackEngines/WindowsStandaloneSupport/UnityEditor.WindowsStandalone.Extensions.dll
Registered in 0.005978 seconds.
- Loaded All Assemblies, in  1.061 seconds
Native extension for WindowsStandalone target not found
Mono: successfully reloaded assembly
- Finished resetting the current domain, in  0.241 seconds
Domain Reload Profiling: 1301ms
	BeginReloadAssembly (160ms)
		ExecutionOrderSort (0ms)
		DisableScriptedObjects (0ms)
		BackupInstance (0ms)
		ReleaseScriptingObjects (0ms)
		CreateAndSetChildDomain (1ms)
	RebuildCommonClasses (258ms)
	RebuildNativeTypeToScriptingClass (9ms)
	initialDomainReloadingComplete (51ms)
	LoadAllAssembliesAndSetupDomain (580ms)
		LoadAssemblies (158ms)
		RebuildTransferFunctionScriptingTraits (0ms)
		AnalyzeDomain (578ms)
			TypeCache.Refresh (577ms)
				TypeCache.ScanAssembly (332ms)
			ScanForSourceGeneratedMonoScriptInfo (1ms)
			ResolveRequiredComponents (1ms)
	FinalizeReload (242ms)
		ReleaseScriptCaches (0ms)
		RebuildScriptCaches (0ms)
		SetupLoadedEditorAssemblies (184ms)
			LogAssemblyErrors (0ms)
			InitializePlatformSupportModulesInManaged (9ms)
			SetLoadedEditorAssemblies (6ms)
			RefreshPlugins (0ms)
			BeforeProcessingInitializeOnLoad (2ms)
			ProcessInitializeOnLoadAttributes (114ms)
			ProcessInitializeOnLoadMethodAttributes (52ms)
			AfterProcessingInitializeOnLoad (0ms)
			EditorAssembliesLoaded (0ms)
		ExecutionOrderSort2 (0ms)
		AwakeInstancesAfterBackupRestoration (0ms)
========================================================================
Worker process is ready to serve import requests
Begin MonoManager ReloadAssembly
- Loaded All Assemblies, in  1.921 seconds
Refreshing native plugins compatible for Editor in 6.98 ms, found 4 plugins.
Native extension for WindowsStandalone target not found
Package Manager log level set to [2]
[Package Manager] Server::EnsureServerProcessIsRunning -- launch failed, reason: Unity was launched with the -noUpm command-line argument
[Package Manager] UpmClient::Send -- Unable to send message (not connected to UPM process).
[Package Manager] Cannot connect to Unity Package Manager local server
Mono: successfully reloaded assembly
[Package Manager] Server::EnsureServerProcessIsRunning -- launch failed, reason: Unity was launched with the -noUpm command-line argument
[Package Manager] UpmClient::Send -- Unable to send message (not connected to UPM process).
[Package Manager] Cannot connect to Unity Package Manager local server
[Package Manager] Server::EnsureServerProcessIsRunning -- launch failed, reason: Unity was launched with the -noUpm command-line argument
[Package Manager] UpmClient::Send -- Unable to send message (not connected to UPM process).
[Package Manager] Cannot connect to Unity Package Manager local server
- Finished resetting the current domain, in  0.624 seconds
Domain Reload Profiling: 2541ms
	BeginReloadAssembly (145ms)
		ExecutionOrderSort (0ms)
		DisableScriptedObjects (6ms)
		BackupInstance (0ms)
		ReleaseScriptingObjects (0ms)
		CreateAndSetChildDomain (20ms)
	RebuildCommonClasses (36ms)
	RebuildNativeTypeToScriptingClass (11ms)
	initialDomainReloadingComplete (40ms)
	LoadAllAssembliesAndSetupDomain (1685ms)
		LoadAssemblies (1568ms)
		RebuildTransferFunctionScriptingTraits (0ms)
		AnalyzeDomain (205ms)
			TypeCache.Refresh (177ms)
				TypeCache.ScanAssembly (158ms)
			ScanForSourceGeneratedMonoScriptInfo (23ms)
			ResolveRequiredComponents (5ms)
	FinalizeReload (625ms)
		ReleaseScriptCaches (0ms)
		RebuildScriptCaches (0ms)
		SetupLoadedEditorAssemblies (457ms)
			LogAssemblyErrors (0ms)
			InitializePlatformSupportModulesInManaged (6ms)
			SetLoadedEditorAssemblies (5ms)
			RefreshPlugins (0ms)
			BeforeProcessingInitializeOnLoad (80ms)
			ProcessInitializeOnLoadAttributes (328ms)
			ProcessInitializeOnLoadMethodAttributes (32ms)
			AfterProcessingInitializeOnLoad (6ms)
			EditorAssembliesLoaded (0ms)
		ExecutionOrderSort2 (0ms)
		AwakeInstancesAfterBackupRestoration (8ms)
Launched and connected shader compiler UnityShaderCompiler.exe after 0.04 seconds
Refreshing native plugins compatible for Editor in 8.47 ms, found 4 plugins.
Preloading 0 native plugins for Editor in 0.00 ms.
Unloading 4347 Unused Serialized files (Serialized files now loaded: 0)
Unloading 78 unused Assets / (68.3 KB). Loaded Objects now: 4794.
Memory consumption went from 143.9 MB to 143.9 MB.
Total: 4.014500 ms (FindLiveObjects: 0.282300 ms CreateObjectMapping: 0.217700 ms MarkObjects: 3.347700 ms  DeleteObjects: 0.165100 ms)

AssetImportParameters requested are different than current active one (requested -> active):
  custom:container-demuxer-ogg: 62fdf1f143b41e24485cea50d1cbac27 -> 
  custom:video-codec-MediaFoundation-h265: 746d11721c4dcdbdad8f713fa42b33f4 -> 
  custom:video-decoder-ogg-theora: a1e56fd34408186e4bbccfd4996cb3dc -> 
  custom:framework-win-MediaFoundation: 216162199b28c13a410421893ffa2e32 -> 
  custom:CustomObjectIndexerAttribute: 756ad292c208cfabdd7b50bc23989ffe -> 
  custom:container-demuxer-webm: 4f35f7cbe854078d1ac9338744f61a02 -> 
  custom:container-muxer-webm: aa71ff27fc2769a1b78a27578f13a17b -> 
  custom:video-decoder-webm-vp8: 9c59270c3fd7afecdb556c50c9e8de78 -> 
  custom:SearchIndexIgnoredProperties: e643bd26f0fe6173181afceb89e7c659 -> 
  custom:AudioImporter_EditorPlatform: d09bf68614088b80899f8185d706f6e7 -> 
  custom:video-encoder-webm-vp8: eb34c28f22e8b96e1ab97ce403110664 -> 
  custom:audio-decoder-ogg-vorbis: bf7c407c2cedff20999df2af8eb42d56 -> 
  custom:audio-encoder-webm-vorbis: bf7c407c2cedff20999df2af8eb42d56 -> 
========================================================================
Received Import Request.
  Time since last request: 1155.869166 seconds.
  path: Assets/Modern UI Pack/Prefabs/Button/Basic - Gradient/Gray.prefab
  artifactKey: Guid(c38b4f2adc43920468c8828d4da9e9f4) Importer(815301076,1909f56bfc062723c751e8b465ee728b)
Start importing Assets/Modern UI Pack/Prefabs/Button/Basic - Gradient/Gray.prefab using Guid(c38b4f2adc43920468c8828d4da9e9f4) Importer(815301076,1909f56bfc062723c751e8b465ee728b)  -> (artifact id: 'a0469a67b26b7b39601e4ea46cd53099') in 0.070958 seconds
Number of updated asset objects reloaded before import = 0
Number of asset objects unloaded after import = 112
========================================================================
Received Import Request.
  Time since last request: 0.000029 seconds.
  path: Assets/Modern UI Pack/Prefabs/Button/Basic - Gradient/Pink.prefab
  artifactKey: Guid(381c8036e244a8345bf6eb2093922dfc) Importer(815301076,1909f56bfc062723c751e8b465ee728b)
Start importing Assets/Modern UI Pack/Prefabs/Button/Basic - Gradient/Pink.prefab using Guid(381c8036e244a8345bf6eb2093922dfc) Importer(815301076,1909f56bfc062723c751e8b465ee728b)  -> (artifact id: '188bdd024ad2e2cb94074dc6e87b709e') in 0.028732 seconds
Number of updated asset objects reloaded before import = 0
Number of asset objects unloaded after import = 112
========================================================================
Received Import Request.
  Time since last request: 0.000017 seconds.
  path: Assets/Modern UI Pack/Prefabs/Button/Basic - Gradient/White.prefab
  artifactKey: Guid(50c8b43896915c747b953a70cfb4d11b) Importer(815301076,1909f56bfc062723c751e8b465ee728b)
Start importing Assets/Modern UI Pack/Prefabs/Button/Basic - Gradient/White.prefab using Guid(50c8b43896915c747b953a70cfb4d11b) Importer(815301076,1909f56bfc062723c751e8b465ee728b)  -> (artifact id: '6f79cc357f766e266a52aafa8144f645') in 0.029135 seconds
Number of updated asset objects reloaded before import = 0
Number of asset objects unloaded after import = 112
========================================================================
Received Import Request.
  Time since last request: 0.000017 seconds.
  path: Assets/Modern UI Pack/Prefabs/Button/Basic - Gradient
  artifactKey: Guid(d93060c2f71bad44e916d9a6c8813acf) Importer(815301076,1909f56bfc062723c751e8b465ee728b)
Start importing Assets/Modern UI Pack/Prefabs/Button/Basic - Gradient using Guid(d93060c2f71bad44e916d9a6c8813acf) Importer(815301076,1909f56bfc062723c751e8b465ee728b)  -> (artifact id: '46b31b610c2dfa3191738e3a4afb959b') in 0.000474 seconds
Number of updated asset objects reloaded before import = 0
Number of asset objects unloaded after import = 0
========================================================================
Received Import Request.
  Time since last request: 0.000056 seconds.
  path: Assets/Modern UI Pack/Prefabs/Button/Basic - Gradient/Night.prefab
  artifactKey: Guid(e5593e182ed176545b6eb3875b7f345c) Importer(815301076,1909f56bfc062723c751e8b465ee728b)
Start importing Assets/Modern UI Pack/Prefabs/Button/Basic - Gradient/Night.prefab using Guid(e5593e182ed176545b6eb3875b7f345c) Importer(815301076,1909f56bfc062723c751e8b465ee728b)  -> (artifact id: 'cd9ab544269ffed39469da907af1dd11') in 0.026517 seconds
Number of updated asset objects reloaded before import = 0
Number of asset objects unloaded after import = 112
========================================================================
Received Import Request.
  Time since last request: 0.000015 seconds.
  path: Assets/Modern UI Pack/Prefabs/Horizontal Selector/Indicator Item.prefab
  artifactKey: Guid(d761d163a9f3c244a97cdaa6e14fafc1) Importer(815301076,1909f56bfc062723c751e8b465ee728b)
Start importing Assets/Modern UI Pack/Prefabs/Horizontal Selector/Indicator Item.prefab using Guid(d761d163a9f3c244a97cdaa6e14fafc1) Importer(815301076,1909f56bfc062723c751e8b465ee728b)  -> (artifact id: '89303d790a7c7275419f81d707f5b750') in 0.002370 seconds
Number of updated asset objects reloaded before import = 0
Number of asset objects unloaded after import = 13
========================================================================
Received Import Request.
  Time since last request: 0.000016 seconds.
  path: Assets/Modern UI Pack/Prefabs/Button/Basic - Gradient/Red.prefab
  artifactKey: Guid(b2a7c376ecaa0374ba8b5a0143a9178e) Importer(815301076,1909f56bfc062723c751e8b465ee728b)
Start importing Assets/Modern UI Pack/Prefabs/Button/Basic - Gradient/Red.prefab using Guid(b2a7c376ecaa0374ba8b5a0143a9178e) Importer(815301076,1909f56bfc062723c751e8b465ee728b)  -> (artifact id: '77829f595b1977bd5088dcf9f0a99f57') in 0.028040 seconds
Number of updated asset objects reloaded before import = 0
Number of asset objects unloaded after import = 112
========================================================================
Received Import Request.
  Time since last request: 0.000016 seconds.
  path: Assets/Modern UI Pack/Prefabs/Context Menu/Context Menu Separator.prefab
  artifactKey: Guid(0c5ca18b61e250540b9ca0e106775d52) Importer(815301076,1909f56bfc062723c751e8b465ee728b)
Start importing Assets/Modern UI Pack/Prefabs/Context Menu/Context Menu Separator.prefab using Guid(0c5ca18b61e250540b9ca0e106775d52) Importer(815301076,1909f56bfc062723c751e8b465ee728b)  -> (artifact id: '3afa3a8a8182ad844432fe935a4def0c') in 0.002005 seconds
Number of updated asset objects reloaded before import = 0
Number of asset objects unloaded after import = 6
========================================================================
Received Import Request.
  Time since last request: 0.000013 seconds.
  path: Assets/Modern UI Pack/Resources/Icon Library.asset
  artifactKey: Guid(a3c211de13863c74a9fc5a7d8b700714) Importer(815301076,1909f56bfc062723c751e8b465ee728b)
Start importing Assets/Modern UI Pack/Resources/Icon Library.asset using Guid(a3c211de13863c74a9fc5a7d8b700714) Importer(815301076,1909f56bfc062723c751e8b465ee728b)  -> (artifact id: '781f2f12f91f1084278b1fff3b7bdfe6') in 0.035680 seconds
Number of updated asset objects reloaded before import = 0
Number of asset objects unloaded after import = 250
========================================================================
Received Import Request.
  Time since last request: 0.000017 seconds.
  path: Assets/Modern UI Pack/Prefabs/Animated Icon/No to Yes.prefab
  artifactKey: Guid(0c53921cac76f2c4f94650f49c985018) Importer(815301076,1909f56bfc062723c751e8b465ee728b)
Start importing Assets/Modern UI Pack/Prefabs/Animated Icon/No to Yes.prefab using Guid(0c53921cac76f2c4f94650f49c985018) Importer(815301076,1909f56bfc062723c751e8b465ee728b)  -> (artifact id: 'eb16fb2aaef07a91e17d7c7aa9c47b5b') in 0.041478 seconds
Number of updated asset objects reloaded before import = 0
Number of asset objects unloaded after import = 56
========================================================================
Received Import Request.
  Time since last request: 0.000015 seconds.
  path: Assets/Modern UI Pack/Prefabs/Button
  artifactKey: Guid(fd3f616fff1366b4390f5b23aed7c9ac) Importer(815301076,1909f56bfc062723c751e8b465ee728b)
Start importing Assets/Modern UI Pack/Prefabs/Button using Guid(fd3f616fff1366b4390f5b23aed7c9ac) Importer(815301076,1909f56bfc062723c751e8b465ee728b)  -> (artifact id: '181b159228f611c5dd0d027d48e2f0f5') in 0.000458 seconds
Number of updated asset objects reloaded before import = 0
Number of asset objects unloaded after import = 0
========================================================================
Received Import Request.
  Time since last request: 0.000024 seconds.
  path: Assets/Modern UI Pack/Prefabs/Button/Basic - Gradient/Green.prefab
  artifactKey: Guid(8ba55e993cc65394ca6b37b09d6e28ff) Importer(815301076,1909f56bfc062723c751e8b465ee728b)
Start importing Assets/Modern UI Pack/Prefabs/Button/Basic - Gradient/Green.prefab using Guid(8ba55e993cc65394ca6b37b09d6e28ff) Importer(815301076,1909f56bfc062723c751e8b465ee728b)  -> (artifact id: 'be9dcb2a13c16afd6138c039d1d0df26') in 0.026783 seconds
Number of updated asset objects reloaded before import = 0
Number of asset objects unloaded after import = 112
========================================================================
Received Import Request.
  Time since last request: 0.000013 seconds.
  path: Assets/Modern UI Pack/Prefabs/Button/Basic - Gradient/Brown.prefab
  artifactKey: Guid(0c865d3a9a1a18449b77fddeba3c0bff) Importer(815301076,1909f56bfc062723c751e8b465ee728b)
Start importing Assets/Modern UI Pack/Prefabs/Button/Basic - Gradient/Brown.prefab using Guid(0c865d3a9a1a18449b77fddeba3c0bff) Importer(815301076,1909f56bfc062723c751e8b465ee728b)  -> (artifact id: '4db9165b06cf46baa9fdb0558f60fcb8') in 0.029176 seconds
Number of updated asset objects reloaded before import = 0
Number of asset objects unloaded after import = 112
========================================================================
Received Import Request.
  Time since last request: 0.000015 seconds.
  path: Assets/Modern UI Pack/Prefabs/Animated Icon/Sand Clock.prefab
  artifactKey: Guid(811f8c2d7af125449a364728bbfa329b) Importer(815301076,1909f56bfc062723c751e8b465ee728b)
Start importing Assets/Modern UI Pack/Prefabs/Animated Icon/Sand Clock.prefab using Guid(811f8c2d7af125449a364728bbfa329b) Importer(815301076,1909f56bfc062723c751e8b465ee728b)  -> (artifact id: '8baa87151d813493732104bdad3f2f06') in 0.041214 seconds
Number of updated asset objects reloaded before import = 0
Number of asset objects unloaded after import = 59
========================================================================
Received Import Request.
  Time since last request: 0.000013 seconds.
  path: Assets/Modern UI Pack/Prefabs/Button/Basic - Gradient/Blue.prefab
  artifactKey: Guid(fea3499422a914d40b0d94e01aae43f0) Importer(815301076,1909f56bfc062723c751e8b465ee728b)
Start importing Assets/Modern UI Pack/Prefabs/Button/Basic - Gradient/Blue.prefab using Guid(fea3499422a914d40b0d94e01aae43f0) Importer(815301076,1909f56bfc062723c751e8b465ee728b)  -> (artifact id: 'ceec57ca1fac3fc947e19d76f74a83e4') in 0.027054 seconds
Number of updated asset objects reloaded before import = 0
Number of asset objects unloaded after import = 112
========================================================================
Received Import Request.
  Time since last request: 5.825149 seconds.
  path: Assets/Modern UI Pack/Prefabs/Progress Bar/PB - Radial (Light).prefab
  artifactKey: Guid(6cc43bc22434dc8449b4d23f62e02542) Importer(815301076,1909f56bfc062723c751e8b465ee728b)
Start importing Assets/Modern UI Pack/Prefabs/Progress Bar/PB - Radial (Light).prefab using Guid(6cc43bc22434dc8449b4d23f62e02542) Importer(815301076,1909f56bfc062723c751e8b465ee728b)  -> (artifact id: '2d8f24bd9513bdbebb80b609e1961c77') in 0.047405 seconds
Number of updated asset objects reloaded before import = 0
Number of asset objects unloaded after import = 51
========================================================================
Received Import Request.
  Time since last request: 0.000014 seconds.
  path: Assets/Modern UI Pack/Prefabs/Progress Bar/PB - Radial (Thin).prefab
  artifactKey: Guid(11dd2fee98d4f6e46be42c561c1017a9) Importer(815301076,1909f56bfc062723c751e8b465ee728b)
Start importing Assets/Modern UI Pack/Prefabs/Progress Bar/PB - Radial (Thin).prefab using Guid(11dd2fee98d4f6e46be42c561c1017a9) Importer(815301076,1909f56bfc062723c751e8b465ee728b)  -> (artifact id: 'e6c17610e33bb7d7301361b946df68ba') in 0.042735 seconds
Number of updated asset objects reloaded before import = 0
Number of asset objects unloaded after import = 51
========================================================================
Received Import Request.
  Time since last request: 7.276021 seconds.
  path: Assets/Modern UI Pack/Prefabs/Button/Basic/Brown.prefab
  artifactKey: Guid(d4220af058685be4cbeb9e5b6eca4f63) Importer(815301076,1909f56bfc062723c751e8b465ee728b)
Start importing Assets/Modern UI Pack/Prefabs/Button/Basic/Brown.prefab using Guid(d4220af058685be4cbeb9e5b6eca4f63) Importer(815301076,1909f56bfc062723c751e8b465ee728b)  -> (artifact id: 'f437169ef2ef028d28dd40304a97b441') in 0.028595 seconds
Number of updated asset objects reloaded before import = 0
Number of asset objects unloaded after import = 109
========================================================================
Received Import Request.
  Time since last request: 0.000013 seconds.
  path: Assets/Modern UI Pack/Prefabs/Button/Basic/White.prefab
  artifactKey: Guid(00fb93f398d6ab646b81586940087692) Importer(815301076,1909f56bfc062723c751e8b465ee728b)
Start importing Assets/Modern UI Pack/Prefabs/Button/Basic/White.prefab using Guid(00fb93f398d6ab646b81586940087692) Importer(815301076,1909f56bfc062723c751e8b465ee728b)  -> (artifact id: '3125ac795c28ac5a96e607fe0533cd2b') in 0.027419 seconds
Number of updated asset objects reloaded before import = 0
Number of asset objects unloaded after import = 109
========================================================================
Received Import Request.
  Time since last request: 0.000012 seconds.
  path: Assets/Modern UI Pack/Prefabs/Button/Basic/Night.prefab
  artifactKey: Guid(1be0f75aaff35b84bbf25fde5ebb4cac) Importer(815301076,1909f56bfc062723c751e8b465ee728b)
Start importing Assets/Modern UI Pack/Prefabs/Button/Basic/Night.prefab using Guid(1be0f75aaff35b84bbf25fde5ebb4cac) Importer(815301076,1909f56bfc062723c751e8b465ee728b)  -> (artifact id: 'b4af4c7fe38bac1ec7bb5c93f9ca0183') in 0.027195 seconds
Number of updated asset objects reloaded before import = 0
Number of asset objects unloaded after import = 109
========================================================================
Received Import Request.
  Time since last request: 0.000021 seconds.
  path: Assets/Modern UI Pack/Prefabs/Button/Basic/Green.prefab
  artifactKey: Guid(64325a7db649f3a42be36398b9d061bd) Importer(815301076,1909f56bfc062723c751e8b465ee728b)
Start importing Assets/Modern UI Pack/Prefabs/Button/Basic/Green.prefab using Guid(64325a7db649f3a42be36398b9d061bd) Importer(815301076,1909f56bfc062723c751e8b465ee728b)  -> (artifact id: '2688fbccb4f8122a78192e01ec6364af') in 0.025034 seconds
Number of updated asset objects reloaded before import = 0
Number of asset objects unloaded after import = 109
========================================================================
Received Import Request.
  Time since last request: 49.408167 seconds.
  path: Assets/Modern UI Pack/Editor/Resources/MUIP-EditorLight.guiskin
  artifactKey: Guid(adcacdc617b648947a8ef38e1e52f321) Importer(815301076,1909f56bfc062723c751e8b465ee728b)
Start importing Assets/Modern UI Pack/Editor/Resources/MUIP-EditorLight.guiskin using Guid(adcacdc617b648947a8ef38e1e52f321) Importer(815301076,1909f56bfc062723c751e8b465ee728b)  -> (artifact id: '8aa11ca7a2996668b7f76b17e707286d') in 0.006437 seconds
Number of updated asset objects reloaded before import = 0
Number of asset objects unloaded after import = 1
========================================================================
Received Import Request.
  Time since last request: 10.738003 seconds.
  path: Assets/Modern UI Pack/Textures/Border/Radial/1024px/Radial Outline 1024px - 1x.png
  artifactKey: Guid(7fe3e3ef9e5ebd04d9fe53b5637a6ad9) Importer(815301076,1909f56bfc062723c751e8b465ee728b)
Start importing Assets/Modern UI Pack/Textures/Border/Radial/1024px/Radial Outline 1024px - 1x.png using Guid(7fe3e3ef9e5ebd04d9fe53b5637a6ad9) Importer(815301076,1909f56bfc062723c751e8b465ee728b)  -> (artifact id: '125928db6dbf811a54b8aa67576b30c4') in 0.107366 seconds
Number of updated asset objects reloaded before import = 0
Number of asset objects unloaded after import = 3
========================================================================
Received Import Request.
  Time since last request: 0.000020 seconds.
  path: Assets/Modern UI Pack/Textures/Border/Radial/1024px/Radial Outline 1024px - 8x.png
  artifactKey: Guid(a31767925d876914ab09673b2a9eb2b1) Importer(815301076,1909f56bfc062723c751e8b465ee728b)
Start importing Assets/Modern UI Pack/Textures/Border/Radial/1024px/Radial Outline 1024px - 8x.png using Guid(a31767925d876914ab09673b2a9eb2b1) Importer(815301076,1909f56bfc062723c751e8b465ee728b)  -> (artifact id: 'f05904beb507d484fe1f19a6d5f360c4') in 0.021521 seconds
Number of updated asset objects reloaded before import = 0
Number of asset objects unloaded after import = 3
========================================================================
Received Import Request.
  Time since last request: 0.000027 seconds.
  path: Assets/Modern UI Pack/Textures/Border/Radial/1024px/Radial Outline 1024px - 9x.png
  artifactKey: Guid(e6081e588b18eb5428446bae5f2d77f3) Importer(815301076,1909f56bfc062723c751e8b465ee728b)
Start importing Assets/Modern UI Pack/Textures/Border/Radial/1024px/Radial Outline 1024px - 9x.png using Guid(e6081e588b18eb5428446bae5f2d77f3) Importer(815301076,1909f56bfc062723c751e8b465ee728b)  -> (artifact id: '75f046006ea6348c617a89f9fc2d8ddd') in 0.020582 seconds
Number of updated asset objects reloaded before import = 0
Number of asset objects unloaded after import = 3
========================================================================
Received Import Request.
  Time since last request: 0.000022 seconds.
  path: Assets/Modern UI Pack/Textures/Border/Radial/1024px/Radial Outline 1024px - 3x.png
  artifactKey: Guid(e628900999f06e0439944e86698cb70c) Importer(815301076,1909f56bfc062723c751e8b465ee728b)
Start importing Assets/Modern UI Pack/Textures/Border/Radial/1024px/Radial Outline 1024px - 3x.png using Guid(e628900999f06e0439944e86698cb70c) Importer(815301076,1909f56bfc062723c751e8b465ee728b)  -> (artifact id: 'f3b474dd9adc9b15f2f8fe3017e277a8') in 0.020291 seconds
Number of updated asset objects reloaded before import = 0
Number of asset objects unloaded after import = 3
========================================================================
Received Import Request.
  Time since last request: 0.000028 seconds.
  path: Assets/Modern UI Pack/Textures/Border/Radial/1024px/Radial Outline 1024px - 2x.png
  artifactKey: Guid(954be6945f3076d4ead9deff24827fea) Importer(815301076,1909f56bfc062723c751e8b465ee728b)
Start importing Assets/Modern UI Pack/Textures/Border/Radial/1024px/Radial Outline 1024px - 2x.png using Guid(954be6945f3076d4ead9deff24827fea) Importer(815301076,1909f56bfc062723c751e8b465ee728b)  -> (artifact id: 'a3c59af6a9b7fa1ae68f8bc7ef9d78de') in 0.022610 seconds
Number of updated asset objects reloaded before import = 0
Number of asset objects unloaded after import = 3
========================================================================
Received Import Request.
  Time since last request: 3.965590 seconds.
  path: Assets/Modern UI Pack/Textures/Border/Rounded/32px/Rounded Outline 32px - 1x.png
  artifactKey: Guid(c8a47b132ee4eff48bfeb344ad857e12) Importer(815301076,1909f56bfc062723c751e8b465ee728b)
Start importing Assets/Modern UI Pack/Textures/Border/Rounded/32px/Rounded Outline 32px - 1x.png using Guid(c8a47b132ee4eff48bfeb344ad857e12) Importer(815301076,1909f56bfc062723c751e8b465ee728b)  -> (artifact id: '2a900ffb74ba4d9836b09638cdd436e9') in 0.024791 seconds
Number of updated asset objects reloaded before import = 0
Number of asset objects unloaded after import = 3
========================================================================
Received Import Request.
  Time since last request: 0.000013 seconds.
  path: Assets/Modern UI Pack/Textures/Border/Rounded/32px/Rounded Outline 32px - 6x.png
  artifactKey: Guid(19e0bce67751785438b5135a43190ad6) Importer(815301076,1909f56bfc062723c751e8b465ee728b)
Start importing Assets/Modern UI Pack/Textures/Border/Rounded/32px/Rounded Outline 32px - 6x.png using Guid(19e0bce67751785438b5135a43190ad6) Importer(815301076,1909f56bfc062723c751e8b465ee728b)  -> (artifact id: '28f0462c45a1efa95968a9cbd812b007') in 0.031735 seconds
Number of updated asset objects reloaded before import = 0
Number of asset objects unloaded after import = 3
========================================================================
Received Import Request.
  Time since last request: 0.000017 seconds.
  path: Assets/Modern UI Pack/Textures/Border/Rounded/32px/Rounded Outline 32px - 4x.png
  artifactKey: Guid(4859a9b48155b404492c5e59833bdea8) Importer(815301076,1909f56bfc062723c751e8b465ee728b)
Start importing Assets/Modern UI Pack/Textures/Border/Rounded/32px/Rounded Outline 32px - 4x.png using Guid(4859a9b48155b404492c5e59833bdea8) Importer(815301076,1909f56bfc062723c751e8b465ee728b)  -> (artifact id: '32c8ae8e75fa86da070ed329057cbc9b') in 0.041211 seconds
Number of updated asset objects reloaded before import = 0
Number of asset objects unloaded after import = 3
========================================================================
Received Import Request.
  Time since last request: 0.000018 seconds.
  path: Assets/Modern UI Pack/Textures/Border/Rounded/32px/Rounded Outline 32px - 5x.png
  artifactKey: Guid(de5e4751c3719944aa6704fc67511221) Importer(815301076,1909f56bfc062723c751e8b465ee728b)
Start importing Assets/Modern UI Pack/Textures/Border/Rounded/32px/Rounded Outline 32px - 5x.png using Guid(de5e4751c3719944aa6704fc67511221) Importer(815301076,1909f56bfc062723c751e8b465ee728b)  -> (artifact id: '49e9a7a849a16b6c5294ed3e22dcc011') in 0.019995 seconds
Number of updated asset objects reloaded before import = 0
Number of asset objects unloaded after import = 3
========================================================================
Received Import Request.
  Time since last request: 0.000028 seconds.
  path: Assets/Modern UI Pack/Textures/Border/Rounded/32px/Rounded Outline 32px - 10x.png
  artifactKey: Guid(43bcf983afb7bef4c8e8b4ae39b82935) Importer(815301076,1909f56bfc062723c751e8b465ee728b)
Start importing Assets/Modern UI Pack/Textures/Border/Rounded/32px/Rounded Outline 32px - 10x.png using Guid(43bcf983afb7bef4c8e8b4ae39b82935) Importer(815301076,1909f56bfc062723c751e8b465ee728b)  -> (artifact id: 'db79ce325853c2bce00e378283ef39e2') in 0.021583 seconds
Number of updated asset objects reloaded before import = 0
Number of asset objects unloaded after import = 3
========================================================================
Received Import Request.
  Time since last request: 1.534771 seconds.
  path: Assets/Modern UI Pack/Textures/Border/Rounded/256px/Rounded Outline 256px - 1x.png
  artifactKey: Guid(20a45802d90dcb24a926d7d233163e1a) Importer(815301076,1909f56bfc062723c751e8b465ee728b)
Start importing Assets/Modern UI Pack/Textures/Border/Rounded/256px/Rounded Outline 256px - 1x.png using Guid(20a45802d90dcb24a926d7d233163e1a) Importer(815301076,1909f56bfc062723c751e8b465ee728b)  -> (artifact id: 'e08b7cc460a03f9ae706173f1c630738') in 0.019986 seconds
Number of updated asset objects reloaded before import = 0
Number of asset objects unloaded after import = 3
========================================================================
Received Import Request.
  Time since last request: 0.000014 seconds.
  path: Assets/Modern UI Pack/Textures/Border/Rounded/256px/Rounded Outline 256px - 9x.png
  artifactKey: Guid(fc7f96ee4f833fd4a94f39893c574012) Importer(815301076,1909f56bfc062723c751e8b465ee728b)
Start importing Assets/Modern UI Pack/Textures/Border/Rounded/256px/Rounded Outline 256px - 9x.png using Guid(fc7f96ee4f833fd4a94f39893c574012) Importer(815301076,1909f56bfc062723c751e8b465ee728b)  -> (artifact id: 'b978676036ebf7e6a2e33c3cc4ce001f') in 0.019587 seconds
Number of updated asset objects reloaded before import = 0
Number of asset objects unloaded after import = 3
========================================================================
Received Import Request.
  Time since last request: 0.000017 seconds.
  path: Assets/Modern UI Pack/Textures/Border/Rounded/256px/Rounded Outline 256px - 8x.png
  artifactKey: Guid(07832ad64df4aba4ba2a91ff9d40be5d) Importer(815301076,1909f56bfc062723c751e8b465ee728b)
Start importing Assets/Modern UI Pack/Textures/Border/Rounded/256px/Rounded Outline 256px - 8x.png using Guid(07832ad64df4aba4ba2a91ff9d40be5d) Importer(815301076,1909f56bfc062723c751e8b465ee728b)  -> (artifact id: 'a061297778800bb2d38ee05fed3f389e') in 0.019597 seconds
Number of updated asset objects reloaded before import = 0
Number of asset objects unloaded after import = 3
========================================================================
Received Import Request.
  Time since last request: 0.000021 seconds.
  path: Assets/Modern UI Pack/Textures/Border/Rounded/256px/Rounded Outline 256px - 4x.png
  artifactKey: Guid(b3390b5653435964fa30c6488e7ffc62) Importer(815301076,1909f56bfc062723c751e8b465ee728b)
Start importing Assets/Modern UI Pack/Textures/Border/Rounded/256px/Rounded Outline 256px - 4x.png using Guid(b3390b5653435964fa30c6488e7ffc62) Importer(815301076,1909f56bfc062723c751e8b465ee728b)  -> (artifact id: '56a0a8059850bea7493646eb4983b34a') in 0.019050 seconds
Number of updated asset objects reloaded before import = 0
Number of asset objects unloaded after import = 3
========================================================================
Received Import Request.
  Time since last request: 0.293058 seconds.
  path: Assets/Modern UI Pack/Textures/Border/Rounded/1024px/Rounded Outline 1024px - 1x.png
  artifactKey: Guid(beb4ef4d122fefb44bdd1442367a8777) Importer(815301076,1909f56bfc062723c751e8b465ee728b)
Start importing Assets/Modern UI Pack/Textures/Border/Rounded/1024px/Rounded Outline 1024px - 1x.png using Guid(beb4ef4d122fefb44bdd1442367a8777) Importer(815301076,1909f56bfc062723c751e8b465ee728b)  -> (artifact id: '516722dfff61fa53747f04f97f41510a') in 0.019780 seconds
Number of updated asset objects reloaded before import = 0
Number of asset objects unloaded after import = 3
========================================================================
Received Import Request.
  Time since last request: 0.000017 seconds.
  path: Assets/Modern UI Pack/Textures/Border/Rounded/1024px/Rounded Outline 1024px - 10x.png
  artifactKey: Guid(9badee22ad3256e44856c9d74e7b0b5f) Importer(815301076,1909f56bfc062723c751e8b465ee728b)
Start importing Assets/Modern UI Pack/Textures/Border/Rounded/1024px/Rounded Outline 1024px - 10x.png using Guid(9badee22ad3256e44856c9d74e7b0b5f) Importer(815301076,1909f56bfc062723c751e8b465ee728b)  -> (artifact id: '27a35f9e614b386ed027544bc2ae8c30') in 0.020661 seconds
Number of updated asset objects reloaded before import = 0
Number of asset objects unloaded after import = 3
========================================================================
Received Import Request.
  Time since last request: 0.000019 seconds.
  path: Assets/Modern UI Pack/Textures/Border/Rounded/1024px/Rounded Outline 1024px - 3x.png
  artifactKey: Guid(9f59acaa662cd914b90c445b845103c5) Importer(815301076,1909f56bfc062723c751e8b465ee728b)
Start importing Assets/Modern UI Pack/Textures/Border/Rounded/1024px/Rounded Outline 1024px - 3x.png using Guid(9f59acaa662cd914b90c445b845103c5) Importer(815301076,1909f56bfc062723c751e8b465ee728b)  -> (artifact id: 'ca66a6cbcb6d26087dab62603756bc49') in 0.021362 seconds
Number of updated asset objects reloaded before import = 0
Number of asset objects unloaded after import = 3
========================================================================
Received Import Request.
  Time since last request: 0.000016 seconds.
  path: Assets/Modern UI Pack/Textures/Border/Rounded/1024px/Rounded Outline 1024px - 7x.png
  artifactKey: Guid(014e4350c5916b14ea6b235afebcaec9) Importer(815301076,1909f56bfc062723c751e8b465ee728b)
Start importing Assets/Modern UI Pack/Textures/Border/Rounded/1024px/Rounded Outline 1024px - 7x.png using Guid(014e4350c5916b14ea6b235afebcaec9) Importer(815301076,1909f56bfc062723c751e8b465ee728b)  -> (artifact id: '0e4db7a7fde1a628198d288e2cf6b6ee') in 0.020790 seconds
Number of updated asset objects reloaded before import = 0
Number of asset objects unloaded after import = 3
========================================================================
Received Import Request.
  Time since last request: 639.950698 seconds.
  path: Assets/Modern UI Pack/Textures/Border/Rounded/128px/Rounded Outline 128px - 1x.png
  artifactKey: Guid(6f26b2434055f404d8d9c0b82e4de90f) Importer(815301076,1909f56bfc062723c751e8b465ee728b)
Start importing Assets/Modern UI Pack/Textures/Border/Rounded/128px/Rounded Outline 128px - 1x.png using Guid(6f26b2434055f404d8d9c0b82e4de90f) Importer(815301076,1909f56bfc062723c751e8b465ee728b)  -> (artifact id: 'd99c2a1346fc9e25ffe71110d9e4f199') in 0.027329 seconds
Number of updated asset objects reloaded before import = 0
Number of asset objects unloaded after import = 3
========================================================================
Received Import Request.
  Time since last request: 0.000025 seconds.
  path: Assets/Modern UI Pack/Textures/Border/Rounded/128px/Rounded Outline 128px - 10x.png
  artifactKey: Guid(31b0aae046fa7f442b3157da64d7a460) Importer(815301076,1909f56bfc062723c751e8b465ee728b)
Start importing Assets/Modern UI Pack/Textures/Border/Rounded/128px/Rounded Outline 128px - 10x.png using Guid(31b0aae046fa7f442b3157da64d7a460) Importer(815301076,1909f56bfc062723c751e8b465ee728b)  -> (artifact id: 'a349711229285a6ba7e5810eed7c6931') in 0.019851 seconds
Number of updated asset objects reloaded before import = 0
Number of asset objects unloaded after import = 3
========================================================================
Received Import Request.
  Time since last request: 0.000019 seconds.
  path: Assets/Modern UI Pack/Textures/Border/Rounded/128px/Rounded Outline 128px - 5x.png
  artifactKey: Guid(9b971acfa0164c04a815dbe10f1b520f) Importer(815301076,1909f56bfc062723c751e8b465ee728b)
Start importing Assets/Modern UI Pack/Textures/Border/Rounded/128px/Rounded Outline 128px - 5x.png using Guid(9b971acfa0164c04a815dbe10f1b520f) Importer(815301076,1909f56bfc062723c751e8b465ee728b)  -> (artifact id: '128d9398544aae54120b77683f64ab3f') in 0.018927 seconds
Number of updated asset objects reloaded before import = 0
Number of asset objects unloaded after import = 3
========================================================================
Received Import Request.
  Time since last request: 0.000023 seconds.
  path: Assets/Modern UI Pack/Textures/Border/Rounded/128px/Rounded Outline 128px - 3x.png
  artifactKey: Guid(27536c42af1eafc40bef676b3fb7422b) Importer(815301076,1909f56bfc062723c751e8b465ee728b)
Start importing Assets/Modern UI Pack/Textures/Border/Rounded/128px/Rounded Outline 128px - 3x.png using Guid(27536c42af1eafc40bef676b3fb7422b) Importer(815301076,1909f56bfc062723c751e8b465ee728b)  -> (artifact id: 'c33a0be789247a3a65a480965a5fac26') in 0.019329 seconds
Number of updated asset objects reloaded before import = 0
Number of asset objects unloaded after import = 3
========================================================================
Received Import Request.
  Time since last request: 0.000029 seconds.
  path: Assets/Modern UI Pack/Textures/Border/Rounded/128px/Rounded Outline 128px - 8x.png
  artifactKey: Guid(9250896c562fdb54093ca29f1494d52c) Importer(815301076,1909f56bfc062723c751e8b465ee728b)
Start importing Assets/Modern UI Pack/Textures/Border/Rounded/128px/Rounded Outline 128px - 8x.png using Guid(9250896c562fdb54093ca29f1494d52c) Importer(815301076,1909f56bfc062723c751e8b465ee728b)  -> (artifact id: '5af454c0b68dcad4c8820a35cd58c649') in 0.019684 seconds
Number of updated asset objects reloaded before import = 0
Number of asset objects unloaded after import = 3
========================================================================
Received Import Request.
  Time since last request: 12.560121 seconds.
  path: Assets/Modern UI Pack/Textures/Border/Rounded/512px/Rounded Outline 512px - 2x.png
  artifactKey: Guid(01d97dcc8b1a4a744b9c799b16bc572a) Importer(815301076,1909f56bfc062723c751e8b465ee728b)
Start importing Assets/Modern UI Pack/Textures/Border/Rounded/512px/Rounded Outline 512px - 2x.png using Guid(01d97dcc8b1a4a744b9c799b16bc572a) Importer(815301076,1909f56bfc062723c751e8b465ee728b)  -> (artifact id: '94716468ab9afd9638f9f4e1d64ae338') in 0.133100 seconds
Number of updated asset objects reloaded before import = 0
Number of asset objects unloaded after import = 3
========================================================================
Received Import Request.
  Time since last request: 0.000019 seconds.
  path: Assets/Modern UI Pack/Textures/Border/Rounded/512px/Rounded Outline 512px - 8x.png
  artifactKey: Guid(16bf965717fca95428341c7f5af630b6) Importer(815301076,1909f56bfc062723c751e8b465ee728b)
Start importing Assets/Modern UI Pack/Textures/Border/Rounded/512px/Rounded Outline 512px - 8x.png using Guid(16bf965717fca95428341c7f5af630b6) Importer(815301076,1909f56bfc062723c751e8b465ee728b)  -> (artifact id: 'ba8b2543cf8c0fe3eccfe14e28f0c950') in 0.094952 seconds
Number of updated asset objects reloaded before import = 0
Number of asset objects unloaded after import = 3
========================================================================
Received Import Request.
  Time since last request: 0.000023 seconds.
  path: Assets/Modern UI Pack/Textures/Border/Rounded/512px/Rounded Outline 512px - 7x.png
  artifactKey: Guid(9f406dc570f829a4e8265536c12ca9a2) Importer(815301076,1909f56bfc062723c751e8b465ee728b)
Start importing Assets/Modern UI Pack/Textures/Border/Rounded/512px/Rounded Outline 512px - 7x.png using Guid(9f406dc570f829a4e8265536c12ca9a2) Importer(815301076,1909f56bfc062723c751e8b465ee728b)  -> (artifact id: 'f2a2a44cb3b2439f16590cd86ac417b0') in 0.041550 seconds
Number of updated asset objects reloaded before import = 0
Number of asset objects unloaded after import = 3
========================================================================
Received Import Request.
  Time since last request: 0.000016 seconds.
  path: Assets/Modern UI Pack/Textures/Border/Rounded/512px/Rounded Outline 512px - 6x.png
  artifactKey: Guid(c6054da7de1f08e47817d98cf925b113) Importer(815301076,1909f56bfc062723c751e8b465ee728b)
Start importing Assets/Modern UI Pack/Textures/Border/Rounded/512px/Rounded Outline 512px - 6x.png using Guid(c6054da7de1f08e47817d98cf925b113) Importer(815301076,1909f56bfc062723c751e8b465ee728b)  -> (artifact id: '6c9a1f86595bac2b1ebbc0eebb30356b') in 0.019010 seconds
Number of updated asset objects reloaded before import = 0
Number of asset objects unloaded after import = 3
========================================================================
Received Import Request.
  Time since last request: 13257.690866 seconds.
  path: Assets/Modern UI Pack/Textures/Border/Rounded/64px/Rounded Outline 64px - 1x.png
  artifactKey: Guid(3296a71782ce9ce42a9fe71d6f86a3ef) Importer(815301076,1909f56bfc062723c751e8b465ee728b)
Start importing Assets/Modern UI Pack/Textures/Border/Rounded/64px/Rounded Outline 64px - 1x.png using Guid(3296a71782ce9ce42a9fe71d6f86a3ef) Importer(815301076,1909f56bfc062723c751e8b465ee728b)  -> (artifact id: '69130fa2a16d3c800c4ea61c63239eb1') in 0.032060 seconds
Number of updated asset objects reloaded before import = 0
Number of asset objects unloaded after import = 3
========================================================================
Received Import Request.
  Time since last request: 0.000027 seconds.
  path: Assets/Modern UI Pack/Textures/Border/Rounded/64px/Rounded Outline 64px - 7x.png
  artifactKey: Guid(d9b3779d8d5f24941915d8f17b4f4a07) Importer(815301076,1909f56bfc062723c751e8b465ee728b)
Start importing Assets/Modern UI Pack/Textures/Border/Rounded/64px/Rounded Outline 64px - 7x.png using Guid(d9b3779d8d5f24941915d8f17b4f4a07) Importer(815301076,1909f56bfc062723c751e8b465ee728b)  -> (artifact id: '6b364734298812360e5a3d49322d366e') in 0.028453 seconds
Number of updated asset objects reloaded before import = 0
Number of asset objects unloaded after import = 3
========================================================================
Received Import Request.
  Time since last request: 0.000020 seconds.
  path: Assets/Modern UI Pack/Textures/Border/Rounded/64px/Rounded Outline 64px - 4x.png
  artifactKey: Guid(a33db688e71d21649b0437503cff43e6) Importer(815301076,1909f56bfc062723c751e8b465ee728b)
Start importing Assets/Modern UI Pack/Textures/Border/Rounded/64px/Rounded Outline 64px - 4x.png using Guid(a33db688e71d21649b0437503cff43e6) Importer(815301076,1909f56bfc062723c751e8b465ee728b)  -> (artifact id: '6151ca70ef46823506effe51fcf31ab7') in 0.044247 seconds
Number of updated asset objects reloaded before import = 0
Number of asset objects unloaded after import = 3
========================================================================
Received Import Request.
  Time since last request: 0.000038 seconds.
  path: Assets/Modern UI Pack/Textures/Border/Rounded/64px/Rounded Outline 64px - 10x.png
  artifactKey: Guid(7f1ec91c56e2aa64b97ee5ef57c15122) Importer(815301076,1909f56bfc062723c751e8b465ee728b)
Start importing Assets/Modern UI Pack/Textures/Border/Rounded/64px/Rounded Outline 64px - 10x.png using Guid(7f1ec91c56e2aa64b97ee5ef57c15122) Importer(815301076,1909f56bfc062723c751e8b465ee728b)  -> (artifact id: 'fa6ed080b1af605b120aa7e2d1899a85') in 0.023663 seconds
Number of updated asset objects reloaded before import = 0
Number of asset objects unloaded after import = 3
========================================================================
Received Import Request.
  Time since last request: 0.000016 seconds.
  path: Assets/Modern UI Pack/Textures/Border/Rounded/64px/Rounded Outline 64px - 3x.png
  artifactKey: Guid(a9883ae0cbbf98a4daff51d5eb85b5aa) Importer(815301076,1909f56bfc062723c751e8b465ee728b)
Start importing Assets/Modern UI Pack/Textures/Border/Rounded/64px/Rounded Outline 64px - 3x.png using Guid(a9883ae0cbbf98a4daff51d5eb85b5aa) Importer(815301076,1909f56bfc062723c751e8b465ee728b)  -> (artifact id: 'cf14fcc5c2d08f21d5d11729197ee8f8') in 0.027410 seconds
Number of updated asset objects reloaded before import = 0
Number of asset objects unloaded after import = 3
========================================================================
Received Import Request.
  Time since last request: 0.000017 seconds.
  path: Assets/Modern UI Pack/Textures/Border/Rounded/64px/Rounded Outline 64px - 6x.png
  artifactKey: Guid(499bdd857b13ec94a97b9b71283a9a73) Importer(815301076,1909f56bfc062723c751e8b465ee728b)
Start importing Assets/Modern UI Pack/Textures/Border/Rounded/64px/Rounded Outline 64px - 6x.png using Guid(499bdd857b13ec94a97b9b71283a9a73) Importer(815301076,1909f56bfc062723c751e8b465ee728b)  -> (artifact id: 'cc9b90d8fa212fdb736c63a28f09c2fa') in 0.049001 seconds
Number of updated asset objects reloaded before import = 0
Number of asset objects unloaded after import = 3
========================================================================
Received Import Request.
  Time since last request: 158.223641 seconds.
  path: Assets/Modern UI Pack/Textures/Border/Flat/Square Filled.png
  artifactKey: Guid(b325a13e94f3bac4199e75b91fa98449) Importer(815301076,1909f56bfc062723c751e8b465ee728b)
Start importing Assets/Modern UI Pack/Textures/Border/Flat/Square Filled.png using Guid(b325a13e94f3bac4199e75b91fa98449) Importer(815301076,1909f56bfc062723c751e8b465ee728b)  -> (artifact id: '31ddac4f6a2704409cbea471c4185f90') in 0.034461 seconds
Number of updated asset objects reloaded before import = 0
Number of asset objects unloaded after import = 3
========================================================================
Received Import Request.
  Time since last request: 16.314628 seconds.
  path: Assets/Modern UI Pack/Textures/Border/Others/Modal Tab Button.png
  artifactKey: Guid(def0b999bf90eaf48ad972dc8f98df24) Importer(815301076,1909f56bfc062723c751e8b465ee728b)
Start importing Assets/Modern UI Pack/Textures/Border/Others/Modal Tab Button.png using Guid(def0b999bf90eaf48ad972dc8f98df24) Importer(815301076,1909f56bfc062723c751e8b465ee728b)  -> (artifact id: '6f935f77f661d037d2614e978f449f38') in 0.051450 seconds
Number of updated asset objects reloaded before import = 0
Number of asset objects unloaded after import = 3
========================================================================
Received Import Request.
  Time since last request: 3.918614 seconds.
  path: Assets/Modern UI Pack/Textures/Border/Radial/128px/Radial Filled 128px.png
  artifactKey: Guid(d25e2ce15dd1c67438e4b70f404fb197) Importer(815301076,1909f56bfc062723c751e8b465ee728b)
Start importing Assets/Modern UI Pack/Textures/Border/Radial/128px/Radial Filled 128px.png using Guid(d25e2ce15dd1c67438e4b70f404fb197) Importer(815301076,1909f56bfc062723c751e8b465ee728b)  -> (artifact id: '7edd37cdfa5c65d84f1146c1f3305d8b') in 0.025259 seconds
Number of updated asset objects reloaded before import = 0
Number of asset objects unloaded after import = 3
========================================================================
Received Import Request.
  Time since last request: 0.000045 seconds.
  path: Assets/Modern UI Pack/Textures/Border/Radial/128px/Radial Outline 128px - 5x.png
  artifactKey: Guid(cc879efe3877ff74d94e29bc597f281b) Importer(815301076,1909f56bfc062723c751e8b465ee728b)
Start importing Assets/Modern UI Pack/Textures/Border/Radial/128px/Radial Outline 128px - 5x.png using Guid(cc879efe3877ff74d94e29bc597f281b) Importer(815301076,1909f56bfc062723c751e8b465ee728b)  -> (artifact id: '959bca404b828b136b1c77721145d783') in 0.026527 seconds
Number of updated asset objects reloaded before import = 0
Number of asset objects unloaded after import = 3
========================================================================
Received Import Request.
  Time since last request: 0.000025 seconds.
  path: Assets/Modern UI Pack/Textures/Border/Radial/128px/Radial Outline 128px - 4x.png
  artifactKey: Guid(b8c2bca7139eb5143aeea1c1beba6bc4) Importer(815301076,1909f56bfc062723c751e8b465ee728b)
Start importing Assets/Modern UI Pack/Textures/Border/Radial/128px/Radial Outline 128px - 4x.png using Guid(b8c2bca7139eb5143aeea1c1beba6bc4) Importer(815301076,1909f56bfc062723c751e8b465ee728b)  -> (artifact id: '85724086c8a6dc1df321f11f1f201337') in 0.025276 seconds
Number of updated asset objects reloaded before import = 0
Number of asset objects unloaded after import = 3
========================================================================
Received Import Request.
  Time since last request: 0.000044 seconds.
  path: Assets/Modern UI Pack/Textures/Border/Radial/128px/Radial Outline 128px - 2x.png
  artifactKey: Guid(e2c02b14083062e448c397ad5b265c16) Importer(815301076,1909f56bfc062723c751e8b465ee728b)
Start importing Assets/Modern UI Pack/Textures/Border/Radial/128px/Radial Outline 128px - 2x.png using Guid(e2c02b14083062e448c397ad5b265c16) Importer(815301076,1909f56bfc062723c751e8b465ee728b)  -> (artifact id: '2737480d76504b3375bc439d6027a2b1') in 0.027306 seconds
Number of updated asset objects reloaded before import = 0
Number of asset objects unloaded after import = 3
========================================================================
Received Import Request.
  Time since last request: 0.000024 seconds.
  path: Assets/Modern UI Pack/Textures/Border/Radial/128px/Radial Outline 128px - 9x.png
  artifactKey: Guid(dd10c64203dc7e848947fcdc894efa49) Importer(815301076,1909f56bfc062723c751e8b465ee728b)
Start importing Assets/Modern UI Pack/Textures/Border/Radial/128px/Radial Outline 128px - 9x.png using Guid(dd10c64203dc7e848947fcdc894efa49) Importer(815301076,1909f56bfc062723c751e8b465ee728b)  -> (artifact id: 'ccca27a8ede6b9b9e0ac34a4dee1b44d') in 0.028469 seconds
Number of updated asset objects reloaded before import = 0
Number of asset objects unloaded after import = 3
========================================================================
Received Import Request.
  Time since last request: 0.000016 seconds.
  path: Assets/Modern UI Pack/Textures/Border/Radial/128px/Radial Outline 128px - 6x.png
  artifactKey: Guid(9bf942b0b374f684f924e157d0b4454a) Importer(815301076,1909f56bfc062723c751e8b465ee728b)
Start importing Assets/Modern UI Pack/Textures/Border/Radial/128px/Radial Outline 128px - 6x.png using Guid(9bf942b0b374f684f924e157d0b4454a) Importer(815301076,1909f56bfc062723c751e8b465ee728b)  -> (artifact id: '33da248da527a04b34529f44aa512bf1') in 0.023658 seconds
Number of updated asset objects reloaded before import = 0
Number of asset objects unloaded after import = 3
========================================================================
Received Import Request.
  Time since last request: 0.000023 seconds.
  path: Assets/Modern UI Pack/Textures/Border/Radial/128px/Radial Outline 128px - 8x.png
  artifactKey: Guid(0af8bcc207a9f5442861d91a2975cc9c) Importer(815301076,1909f56bfc062723c751e8b465ee728b)
Start importing Assets/Modern UI Pack/Textures/Border/Radial/128px/Radial Outline 128px - 8x.png using Guid(0af8bcc207a9f5442861d91a2975cc9c) Importer(815301076,1909f56bfc062723c751e8b465ee728b)  -> (artifact id: 'fc1adfafcdbda32018d611bb199a7620') in 0.028665 seconds
Number of updated asset objects reloaded before import = 0
Number of asset objects unloaded after import = 3
========================================================================
Received Import Request.
  Time since last request: 0.000016 seconds.
  path: Assets/Modern UI Pack/Textures/Border/Radial/128px/Radial Outline 128px - 10x.png
  artifactKey: Guid(d23560fc197451a469b72256e288acbd) Importer(815301076,1909f56bfc062723c751e8b465ee728b)
Start importing Assets/Modern UI Pack/Textures/Border/Radial/128px/Radial Outline 128px - 10x.png using Guid(d23560fc197451a469b72256e288acbd) Importer(815301076,1909f56bfc062723c751e8b465ee728b)  -> (artifact id: '3e24f8b95a52f50413d5d855ef3ea81c') in 0.025693 seconds
Number of updated asset objects reloaded before import = 0
Number of asset objects unloaded after import = 3
========================================================================
Received Import Request.
  Time since last request: 4.526969 seconds.
  path: Assets/Modern UI Pack/Textures/Demo/Demo Welcome.png
  artifactKey: Guid(d922a2264ecd0c04987a0589859c321c) Importer(815301076,1909f56bfc062723c751e8b465ee728b)
Start importing Assets/Modern UI Pack/Textures/Demo/Demo Welcome.png using Guid(d922a2264ecd0c04987a0589859c321c) Importer(815301076,1909f56bfc062723c751e8b465ee728b)  -> (artifact id: '0c073701a5da4e1e40f9de373d01ae16') in 0.027823 seconds
Number of updated asset objects reloaded before import = 0
Number of asset objects unloaded after import = 3
========================================================================
Received Import Request.
  Time since last request: 0.000016 seconds.
  path: Assets/Modern UI Pack/Textures/Demo/MUIP Big.png
  artifactKey: Guid(46f64b3ded478fa408af4eeb374bcfd2) Importer(815301076,1909f56bfc062723c751e8b465ee728b)
Start importing Assets/Modern UI Pack/Textures/Demo/MUIP Big.png using Guid(46f64b3ded478fa408af4eeb374bcfd2) Importer(815301076,1909f56bfc062723c751e8b465ee728b)  -> (artifact id: '3873145bc034feb0c0adf0926ff7e946') in 0.057584 seconds
Number of updated asset objects reloaded before import = 0
Number of asset objects unloaded after import = 3
========================================================================
Received Import Request.
  Time since last request: 40.864610 seconds.
  path: Assets/Prefabs/New Prefab.prefab
  artifactKey: Guid(fc5a832d1f57f80489d65b7d346d85ed) Importer(815301076,1909f56bfc062723c751e8b465ee728b)
Start importing Assets/Prefabs/New Prefab.prefab using Guid(fc5a832d1f57f80489d65b7d346d85ed) Importer(815301076,1909f56bfc062723c751e8b465ee728b)  -> (artifact id: 'ccd5b0868456587d82ae97504f9fd8ed') in 0.053673 seconds
Number of updated asset objects reloaded before import = 0
Number of asset objects unloaded after import = 18
========================================================================
Received Import Request.
  Time since last request: 120.582508 seconds.
  path: Assets/Prefabs/New Prefab.prefab
  artifactKey: Guid(fc5a832d1f57f80489d65b7d346d85ed) Importer(815301076,1909f56bfc062723c751e8b465ee728b)
Start importing Assets/Prefabs/New Prefab.prefab using Guid(fc5a832d1f57f80489d65b7d346d85ed) Importer(815301076,1909f56bfc062723c751e8b465ee728b)  -> (artifact id: 'd3e0fc9d3c9af4064b117327c83aec3c') in 0.013718 seconds
Number of updated asset objects reloaded before import = 0
Number of asset objects unloaded after import = 18
========================================================================
Received Import Request.
  Time since last request: 0.780150 seconds.
  path: Assets/Prefabs/New Prefab.prefab
  artifactKey: Guid(fc5a832d1f57f80489d65b7d346d85ed) Importer(815301076,1909f56bfc062723c751e8b465ee728b)
Start importing Assets/Prefabs/New Prefab.prefab using Guid(fc5a832d1f57f80489d65b7d346d85ed) Importer(815301076,1909f56bfc062723c751e8b465ee728b)  -> (artifact id: 'f0a5ebd678283cf30be5e1fea75a59bd') in 0.013927 seconds
Number of updated asset objects reloaded before import = 0
Number of asset objects unloaded after import = 18
========================================================================
Received Import Request.
  Time since last request: 2.999704 seconds.
  path: Assets/Prefabs/New Prefab.prefab
  artifactKey: Guid(fc5a832d1f57f80489d65b7d346d85ed) Importer(815301076,1909f56bfc062723c751e8b465ee728b)
Start importing Assets/Prefabs/New Prefab.prefab using Guid(fc5a832d1f57f80489d65b7d346d85ed) Importer(815301076,1909f56bfc062723c751e8b465ee728b)  -> (artifact id: 'd9960a4d9b4052f70b3b19b159792eba') in 0.013358 seconds
Number of updated asset objects reloaded before import = 0
Number of asset objects unloaded after import = 18
========================================================================
Received Import Request.
  Time since last request: 3.414371 seconds.
  path: Assets/Prefabs/New Prefab.prefab
  artifactKey: Guid(fc5a832d1f57f80489d65b7d346d85ed) Importer(815301076,1909f56bfc062723c751e8b465ee728b)
Start importing Assets/Prefabs/New Prefab.prefab using Guid(fc5a832d1f57f80489d65b7d346d85ed) Importer(815301076,1909f56bfc062723c751e8b465ee728b)  -> (artifact id: '2f2e1ab5a3bc653645d0aca334c9c134') in 0.011463 seconds
Number of updated asset objects reloaded before import = 0
Number of asset objects unloaded after import = 18
========================================================================
Received Import Request.
  Time since last request: 210.002395 seconds.
  path: Assets/Prefabs/New Prefab.prefab
  artifactKey: Guid(fc5a832d1f57f80489d65b7d346d85ed) Importer(815301076,1909f56bfc062723c751e8b465ee728b)
Start importing Assets/Prefabs/New Prefab.prefab using Guid(fc5a832d1f57f80489d65b7d346d85ed) Importer(815301076,1909f56bfc062723c751e8b465ee728b)  -> (artifact id: '578b9b4bdf0ad081c987f00d319ec827') in 0.014631 seconds
Number of updated asset objects reloaded before import = 0
Number of asset objects unloaded after import = 18
========================================================================
Received Import Request.
  Time since last request: 2.802151 seconds.
  path: Assets/Prefabs/New Prefab.prefab
  artifactKey: Guid(fc5a832d1f57f80489d65b7d346d85ed) Importer(815301076,1909f56bfc062723c751e8b465ee728b)
Start importing Assets/Prefabs/New Prefab.prefab using Guid(fc5a832d1f57f80489d65b7d346d85ed) Importer(815301076,1909f56bfc062723c751e8b465ee728b)  -> (artifact id: '9a4cb75afc5ec0061895a70afaeef4e1') in 0.012041 seconds
Number of updated asset objects reloaded before import = 0
Number of asset objects unloaded after import = 18
========================================================================
Received Import Request.
  Time since last request: 1.203839 seconds.
  path: Assets/Prefabs/New Prefab.prefab
  artifactKey: Guid(fc5a832d1f57f80489d65b7d346d85ed) Importer(815301076,1909f56bfc062723c751e8b465ee728b)
Start importing Assets/Prefabs/New Prefab.prefab using Guid(fc5a832d1f57f80489d65b7d346d85ed) Importer(815301076,1909f56bfc062723c751e8b465ee728b)  -> (artifact id: '58729dace665d7c5619e7658195605de') in 0.013974 seconds
Number of updated asset objects reloaded before import = 0
Number of asset objects unloaded after import = 18
========================================================================
Received Import Request.
  Time since last request: 3.616515 seconds.
  path: Assets/Prefabs/New Prefab.prefab
  artifactKey: Guid(fc5a832d1f57f80489d65b7d346d85ed) Importer(815301076,1909f56bfc062723c751e8b465ee728b)
Start importing Assets/Prefabs/New Prefab.prefab using Guid(fc5a832d1f57f80489d65b7d346d85ed) Importer(815301076,1909f56bfc062723c751e8b465ee728b)  -> (artifact id: '047c2b6c68d6df8f31c8bad660e49402') in 0.089146 seconds
Number of updated asset objects reloaded before import = 0
Number of asset objects unloaded after import = 18
========================================================================
Received Import Request.
  Time since last request: 5.952669 seconds.
  path: Assets/Prefabs/New Prefab.prefab
  artifactKey: Guid(fc5a832d1f57f80489d65b7d346d85ed) Importer(815301076,1909f56bfc062723c751e8b465ee728b)
Start importing Assets/Prefabs/New Prefab.prefab using Guid(fc5a832d1f57f80489d65b7d346d85ed) Importer(815301076,1909f56bfc062723c751e8b465ee728b)  -> (artifact id: '7207369688d079408fd4f7ec6efde9c1') in 0.015257 seconds
Number of updated asset objects reloaded before import = 0
Number of asset objects unloaded after import = 18
========================================================================
Received Import Request.
  Time since last request: 4.436579 seconds.
  path: Assets/Prefabs/New Prefab.prefab
  artifactKey: Guid(fc5a832d1f57f80489d65b7d346d85ed) Importer(815301076,1909f56bfc062723c751e8b465ee728b)
Start importing Assets/Prefabs/New Prefab.prefab using Guid(fc5a832d1f57f80489d65b7d346d85ed) Importer(815301076,1909f56bfc062723c751e8b465ee728b)  -> (artifact id: '9a6f5d6b28ac9f86b43154e3984aed37') in 0.014445 seconds
Number of updated asset objects reloaded before import = 0
Number of asset objects unloaded after import = 18
========================================================================
Received Import Request.
  Time since last request: 1307.862886 seconds.
  path: Assets/Prefabs/New Prefab.prefab
  artifactKey: Guid(fc5a832d1f57f80489d65b7d346d85ed) Importer(815301076,1909f56bfc062723c751e8b465ee728b)
Start importing Assets/Prefabs/New Prefab.prefab using Guid(fc5a832d1f57f80489d65b7d346d85ed) Importer(815301076,1909f56bfc062723c751e8b465ee728b)  -> (artifact id: 'fc17876cf946b2550924bbadd8827492') in 0.024099 seconds
Number of updated asset objects reloaded before import = 0
Number of asset objects unloaded after import = 18
========================================================================
Received Import Request.
  Time since last request: 3.588494 seconds.
  path: Assets/Prefabs/New Prefab.prefab
  artifactKey: Guid(fc5a832d1f57f80489d65b7d346d85ed) Importer(815301076,1909f56bfc062723c751e8b465ee728b)
Start importing Assets/Prefabs/New Prefab.prefab using Guid(fc5a832d1f57f80489d65b7d346d85ed) Importer(815301076,1909f56bfc062723c751e8b465ee728b)  -> (artifact id: '3e1c6be048dacd9e593053aa89bf88b7') in 0.014073 seconds
Number of updated asset objects reloaded before import = 0
Number of asset objects unloaded after import = 18
========================================================================
Received Import Request.
  Time since last request: 6.454924 seconds.
  path: Assets/Prefabs/New Prefab.prefab
  artifactKey: Guid(fc5a832d1f57f80489d65b7d346d85ed) Importer(815301076,1909f56bfc062723c751e8b465ee728b)
Start importing Assets/Prefabs/New Prefab.prefab using Guid(fc5a832d1f57f80489d65b7d346d85ed) Importer(815301076,1909f56bfc062723c751e8b465ee728b)  -> (artifact id: '75024f5a9ab3286f4d0d5e1e3f5e4b83') in 0.008846 seconds
Number of updated asset objects reloaded before import = 0
Number of asset objects unloaded after import = 18
========================================================================
Received Import Request.
  Time since last request: 13.884545 seconds.
  path: Assets/Prefabs/New Prefab.prefab
  artifactKey: Guid(fc5a832d1f57f80489d65b7d346d85ed) Importer(815301076,1909f56bfc062723c751e8b465ee728b)
Start importing Assets/Prefabs/New Prefab.prefab using Guid(fc5a832d1f57f80489d65b7d346d85ed) Importer(815301076,1909f56bfc062723c751e8b465ee728b)  -> (artifact id: 'a6d0510c29b9052aea0431c302a7a151') in 0.026735 seconds
Number of updated asset objects reloaded before import = 0
Number of asset objects unloaded after import = 18
========================================================================
Received Import Request.
  Time since last request: 3.198321 seconds.
  path: Assets/Prefabs/New Prefab.prefab
  artifactKey: Guid(fc5a832d1f57f80489d65b7d346d85ed) Importer(815301076,1909f56bfc062723c751e8b465ee728b)
Start importing Assets/Prefabs/New Prefab.prefab using Guid(fc5a832d1f57f80489d65b7d346d85ed) Importer(815301076,1909f56bfc062723c751e8b465ee728b)  -> (artifact id: 'b0e3751f66dc1456a9b8dba2f7af9f22') in 0.016935 seconds
Number of updated asset objects reloaded before import = 0
Number of asset objects unloaded after import = 18
========================================================================
Received Import Request.
  Time since last request: 3.413064 seconds.
  path: Assets/Prefabs/New Prefab.prefab
  artifactKey: Guid(fc5a832d1f57f80489d65b7d346d85ed) Importer(815301076,1909f56bfc062723c751e8b465ee728b)
Start importing Assets/Prefabs/New Prefab.prefab using Guid(fc5a832d1f57f80489d65b7d346d85ed) Importer(815301076,1909f56bfc062723c751e8b465ee728b)  -> (artifact id: '9f1e23dfa1339997001668c0e69a0123') in 0.012379 seconds
Number of updated asset objects reloaded before import = 0
Number of asset objects unloaded after import = 18
========================================================================
Received Import Request.
  Time since last request: 0.794978 seconds.
  path: Assets/Prefabs/New Prefab.prefab
  artifactKey: Guid(fc5a832d1f57f80489d65b7d346d85ed) Importer(815301076,1909f56bfc062723c751e8b465ee728b)
Start importing Assets/Prefabs/New Prefab.prefab using Guid(fc5a832d1f57f80489d65b7d346d85ed) Importer(815301076,1909f56bfc062723c751e8b465ee728b)  -> (artifact id: 'b58e1dd0bf06f15eb672d640fe4a70c0') in 0.020329 seconds
Number of updated asset objects reloaded before import = 0
Number of asset objects unloaded after import = 18
========================================================================
Received Import Request.
  Time since last request: 108.350950 seconds.
  path: Assets/Modern UI Pack/Textures/Border/Radial/32px/Radial Filled 32px.png
  artifactKey: Guid(f9767404d707fab4398db2425e8badd3) Importer(815301076,1909f56bfc062723c751e8b465ee728b)
Start importing Assets/Modern UI Pack/Textures/Border/Radial/32px/Radial Filled 32px.png using Guid(f9767404d707fab4398db2425e8badd3) Importer(815301076,1909f56bfc062723c751e8b465ee728b)  -> (artifact id: '871eabe298090ab8499ed0aeec6b069c') in 0.024881 seconds
Number of updated asset objects reloaded before import = 0
Number of asset objects unloaded after import = 3
========================================================================
Received Import Request.
  Time since last request: 0.000019 seconds.
  path: Assets/Modern UI Pack/Textures/Border/Radial/32px/Radial Outline 32px - 10x.png
  artifactKey: Guid(f8de9cd86c0ca874d9619d5d69ed2147) Importer(815301076,1909f56bfc062723c751e8b465ee728b)
Start importing Assets/Modern UI Pack/Textures/Border/Radial/32px/Radial Outline 32px - 10x.png using Guid(f8de9cd86c0ca874d9619d5d69ed2147) Importer(815301076,1909f56bfc062723c751e8b465ee728b)  -> (artifact id: '570279d017bdd36c4f45dd9340f1eda6') in 0.105860 seconds
Number of updated asset objects reloaded before import = 0
Number of asset objects unloaded after import = 3
========================================================================
Received Import Request.
  Time since last request: 0.000081 seconds.
  path: Assets/Modern UI Pack/Textures/Border/Radial/32px/Radial Outline 32px - 5x.png
  artifactKey: Guid(4d524fbec1ad7524f8e44324e211e893) Importer(815301076,1909f56bfc062723c751e8b465ee728b)
Start importing Assets/Modern UI Pack/Textures/Border/Radial/32px/Radial Outline 32px - 5x.png using Guid(4d524fbec1ad7524f8e44324e211e893) Importer(815301076,1909f56bfc062723c751e8b465ee728b)  -> (artifact id: '84e02a1bb06a63c1bc38ba8552f57d72') in 0.082044 seconds
Number of updated asset objects reloaded before import = 0
Number of asset objects unloaded after import = 3
========================================================================
Received Import Request.
  Time since last request: 0.000017 seconds.
  path: Assets/Modern UI Pack/Textures/Border/Radial/32px/Radial Outline 32px - 9x.png
  artifactKey: Guid(eb5b293700185344e9c5653bb0e49c0c) Importer(815301076,1909f56bfc062723c751e8b465ee728b)
Start importing Assets/Modern UI Pack/Textures/Border/Radial/32px/Radial Outline 32px - 9x.png using Guid(eb5b293700185344e9c5653bb0e49c0c) Importer(815301076,1909f56bfc062723c751e8b465ee728b)  -> (artifact id: 'ee89e95e7d3bcf588bced00ec8ed5b5d') in 0.017055 seconds
Number of updated asset objects reloaded before import = 0
Number of asset objects unloaded after import = 3
========================================================================
Received Import Request.
  Time since last request: 0.000021 seconds.
  path: Assets/Modern UI Pack/Textures/Border/Radial/32px/Radial Outline 32px - 3x.png
  artifactKey: Guid(ac049f791a8c4034cbe79f6d5fea0c4c) Importer(815301076,1909f56bfc062723c751e8b465ee728b)
Start importing Assets/Modern UI Pack/Textures/Border/Radial/32px/Radial Outline 32px - 3x.png using Guid(ac049f791a8c4034cbe79f6d5fea0c4c) Importer(815301076,1909f56bfc062723c751e8b465ee728b)  -> (artifact id: '31b48c46b14bf702929960465f568858') in 0.018237 seconds
Number of updated asset objects reloaded before import = 0
Number of asset objects unloaded after import = 3
========================================================================
Received Import Request.
  Time since last request: 0.000012 seconds.
  path: Assets/Modern UI Pack/Textures/Border/Radial/32px/Radial Outline 32px - 8x.png
  artifactKey: Guid(193385f2143dfe14ba7e5bf010526989) Importer(815301076,1909f56bfc062723c751e8b465ee728b)
Start importing Assets/Modern UI Pack/Textures/Border/Radial/32px/Radial Outline 32px - 8x.png using Guid(193385f2143dfe14ba7e5bf010526989) Importer(815301076,1909f56bfc062723c751e8b465ee728b)  -> (artifact id: '06a4817f55e6a7a5f131fa9f4dc13f28') in 0.016132 seconds
Number of updated asset objects reloaded before import = 0
Number of asset objects unloaded after import = 3
========================================================================
Received Import Request.
  Time since last request: 0.000019 seconds.
  path: Assets/Modern UI Pack/Textures/Border/Radial/32px/Radial Outline 32px - 6x.png
  artifactKey: Guid(c8d56a8699823ca46aa7eda6801a483e) Importer(815301076,1909f56bfc062723c751e8b465ee728b)
Start importing Assets/Modern UI Pack/Textures/Border/Radial/32px/Radial Outline 32px - 6x.png using Guid(c8d56a8699823ca46aa7eda6801a483e) Importer(815301076,1909f56bfc062723c751e8b465ee728b)  -> (artifact id: 'e16af04069365fd15c68daeb6f350aac') in 0.015099 seconds
Number of updated asset objects reloaded before import = 0
Number of asset objects unloaded after import = 3
========================================================================
Received Import Request.
  Time since last request: 0.364793 seconds.
  path: Assets/Modern UI Pack/Textures/Border/Radial/64px/Radial Filled 64px.png
  artifactKey: Guid(d58c56a572b8c424b977292054ceb745) Importer(815301076,1909f56bfc062723c751e8b465ee728b)
Start importing Assets/Modern UI Pack/Textures/Border/Radial/64px/Radial Filled 64px.png using Guid(d58c56a572b8c424b977292054ceb745) Importer(815301076,1909f56bfc062723c751e8b465ee728b)  -> (artifact id: 'bcb74d88b35db83a08d5be69f3c27ab0') in 0.017603 seconds
Number of updated asset objects reloaded before import = 0
Number of asset objects unloaded after import = 3
========================================================================
Received Import Request.
  Time since last request: 0.000015 seconds.
  path: Assets/Modern UI Pack/Textures/Border/Radial/64px/Radial Outline 64px - 2x.png
  artifactKey: Guid(78ed4aca5ed3dfb4da6a66e3d2d2caa0) Importer(815301076,1909f56bfc062723c751e8b465ee728b)
Start importing Assets/Modern UI Pack/Textures/Border/Radial/64px/Radial Outline 64px - 2x.png using Guid(78ed4aca5ed3dfb4da6a66e3d2d2caa0) Importer(815301076,1909f56bfc062723c751e8b465ee728b)  -> (artifact id: 'd21ee0f76503954149d4f960a62fe1c1') in 0.019278 seconds
Number of updated asset objects reloaded before import = 0
Number of asset objects unloaded after import = 3
========================================================================
Received Import Request.
  Time since last request: 0.000017 seconds.
  path: Assets/Modern UI Pack/Textures/Border/Radial/64px/Radial Outline 64px - 8x.png
  artifactKey: Guid(58ab3b48dda45144499c9531012f013f) Importer(815301076,1909f56bfc062723c751e8b465ee728b)
Start importing Assets/Modern UI Pack/Textures/Border/Radial/64px/Radial Outline 64px - 8x.png using Guid(58ab3b48dda45144499c9531012f013f) Importer(815301076,1909f56bfc062723c751e8b465ee728b)  -> (artifact id: '97db1c76112404d75f94bcf9fa751231') in 0.018880 seconds
Number of updated asset objects reloaded before import = 0
Number of asset objects unloaded after import = 3
========================================================================
Received Import Request.
  Time since last request: 0.000018 seconds.
  path: Assets/Modern UI Pack/Textures/Border/Radial/64px/Radial Outline 64px - 7x.png
  artifactKey: Guid(3c57ab889c6e61d47a6e1122c011ee85) Importer(815301076,1909f56bfc062723c751e8b465ee728b)
Start importing Assets/Modern UI Pack/Textures/Border/Radial/64px/Radial Outline 64px - 7x.png using Guid(3c57ab889c6e61d47a6e1122c011ee85) Importer(815301076,1909f56bfc062723c751e8b465ee728b)  -> (artifact id: '626ca9c8057cf6b43458a0b6b7b45cc5') in 0.018177 seconds
Number of updated asset objects reloaded before import = 0
Number of asset objects unloaded after import = 3
========================================================================
Received Import Request.
  Time since last request: 0.000019 seconds.
  path: Assets/Modern UI Pack/Textures/Border/Radial/64px/Radial Outline 64px - 5x.png
  artifactKey: Guid(ba741793bcb4a6f469d6cc3875a1fea5) Importer(815301076,1909f56bfc062723c751e8b465ee728b)
Start importing Assets/Modern UI Pack/Textures/Border/Radial/64px/Radial Outline 64px - 5x.png using Guid(ba741793bcb4a6f469d6cc3875a1fea5) Importer(815301076,1909f56bfc062723c751e8b465ee728b)  -> (artifact id: 'd65bbf50191b84b5dd5b221205d6be2e') in 0.017254 seconds
Number of updated asset objects reloaded before import = 0
Number of asset objects unloaded after import = 3
========================================================================
Received Import Request.
  Time since last request: 51.871415 seconds.
  path: Assets/Prefabs/New Prefab.prefab
  artifactKey: Guid(fc5a832d1f57f80489d65b7d346d85ed) Importer(815301076,1909f56bfc062723c751e8b465ee728b)
Start importing Assets/Prefabs/New Prefab.prefab using Guid(fc5a832d1f57f80489d65b7d346d85ed) Importer(815301076,1909f56bfc062723c751e8b465ee728b)  -> (artifact id: '153a5cd2a025bed64509f8f672635317') in 0.033043 seconds
Number of updated asset objects reloaded before import = 0
Number of asset objects unloaded after import = 9
========================================================================
Received Import Request.
  Time since last request: 0.411361 seconds.
  path: Assets/Modern UI Pack/Textures/Shadow/Flat Shadow.png
  artifactKey: Guid(5a2cc1793ca8c1e4381df95290d5022a) Importer(815301076,1909f56bfc062723c751e8b465ee728b)
Start importing Assets/Modern UI Pack/Textures/Shadow/Flat Shadow.png using Guid(5a2cc1793ca8c1e4381df95290d5022a) Importer(815301076,1909f56bfc062723c751e8b465ee728b)  -> (artifact id: '6648aff52f13e447f4ef88dae84ac5e9') in 0.044216 seconds
Number of updated asset objects reloaded before import = 0
Number of asset objects unloaded after import = 3
========================================================================
Received Import Request.
  Time since last request: 0.000016 seconds.
  path: Assets/Modern UI Pack/Textures/Shadow/Radial Shadow.png
  artifactKey: Guid(0755a77d5bd80d94eaba57a2d5d0f55e) Importer(815301076,1909f56bfc062723c751e8b465ee728b)
Start importing Assets/Modern UI Pack/Textures/Shadow/Radial Shadow.png using Guid(0755a77d5bd80d94eaba57a2d5d0f55e) Importer(815301076,1909f56bfc062723c751e8b465ee728b)  -> (artifact id: '024cd1d392218a996db78bb7aa66417e') in 0.071634 seconds
Number of updated asset objects reloaded before import = 0
Number of asset objects unloaded after import = 3
========================================================================
Received Import Request.
  Time since last request: 0.000017 seconds.
  path: Assets/Modern UI Pack/Textures/Shadow/Vertical Shadow.png
  artifactKey: Guid(4588d5e6aeea92d4b86bd1e976c99baf) Importer(815301076,1909f56bfc062723c751e8b465ee728b)
Start importing Assets/Modern UI Pack/Textures/Shadow/Vertical Shadow.png using Guid(4588d5e6aeea92d4b86bd1e976c99baf) Importer(815301076,1909f56bfc062723c751e8b465ee728b)  -> (artifact id: '33bda4ec22507a8880072245e1ba6eae') in 0.033632 seconds
Number of updated asset objects reloaded before import = 0
Number of asset objects unloaded after import = 3
========================================================================
Received Import Request.
  Time since last request: 13.294495 seconds.
  path: Assets/Modern UI Pack/Prefabs/Window Manager
  artifactKey: Guid(01c32860ed4bf474f9c9d33632482bd8) Importer(815301076,1909f56bfc062723c751e8b465ee728b)
Start importing Assets/Modern UI Pack/Prefabs/Window Manager using Guid(01c32860ed4bf474f9c9d33632482bd8) Importer(815301076,1909f56bfc062723c751e8b465ee728b)  -> (artifact id: '039ef2fcd70f08d21fc69cb58a85e795') in 0.000630 seconds
Number of updated asset objects reloaded before import = 0
Number of asset objects unloaded after import = 0
========================================================================
Received Import Request.
  Time since last request: 0.863821 seconds.
  path: Assets/Modern UI Pack/Prefabs/Tooltip
  artifactKey: Guid(ddd6183a5ae9b8c4db31f10e60a878e8) Importer(815301076,1909f56bfc062723c751e8b465ee728b)
Start importing Assets/Modern UI Pack/Prefabs/Tooltip using Guid(ddd6183a5ae9b8c4db31f10e60a878e8) Importer(815301076,1909f56bfc062723c751e8b465ee728b)  -> (artifact id: '9e5e76013106db27014cbcf096791d8b') in 0.000717 seconds
Number of updated asset objects reloaded before import = 0
Number of asset objects unloaded after import = 0
========================================================================
Received Import Request.
  Time since last request: 35.373803 seconds.
  path: Packages/com.unity.2d.sprite/Editor/ObjectMenuCreation/DefaultAssets/Textures/v2/9Sliced.png
  artifactKey: Guid(8884154dfe85442a3a3578be807dbcdf) Importer(815301076,1909f56bfc062723c751e8b465ee728b)
Start importing Packages/com.unity.2d.sprite/Editor/ObjectMenuCreation/DefaultAssets/Textures/v2/9Sliced.png using Guid(8884154dfe85442a3a3578be807dbcdf) Importer(815301076,1909f56bfc062723c751e8b465ee728b)  -> (artifact id: 'd62d8392f51e2eb524903073be4add73') in 0.022201 seconds
Number of updated asset objects reloaded before import = 0
Number of asset objects unloaded after import = 3
========================================================================
Received Import Request.
  Time since last request: 0.000017 seconds.
  path: Packages/com.unity.2d.sprite/Editor/ObjectMenuCreation/DefaultAssets/Textures/v2/HexagonFlatTop.png
  artifactKey: Guid(b670ab75dde984907b8570040daa08c5) Importer(815301076,1909f56bfc062723c751e8b465ee728b)
Start importing Packages/com.unity.2d.sprite/Editor/ObjectMenuCreation/DefaultAssets/Textures/v2/HexagonFlatTop.png using Guid(b670ab75dde984907b8570040daa08c5) Importer(815301076,1909f56bfc062723c751e8b465ee728b)  -> (artifact id: '2b751979b8eba385d225f043831adc63') in 0.024561 seconds
Number of updated asset objects reloaded before import = 0
Number of asset objects unloaded after import = 3
========================================================================
Received Import Request.
  Time since last request: 0.000019 seconds.
  path: Packages/com.unity.2d.sprite/Editor/ObjectMenuCreation/DefaultAssets/Textures/v2/IsometricDiamond.png
  artifactKey: Guid(19fb86013d8c24d6cb8410c0aadf30fa) Importer(815301076,1909f56bfc062723c751e8b465ee728b)
Start importing Packages/com.unity.2d.sprite/Editor/ObjectMenuCreation/DefaultAssets/Textures/v2/IsometricDiamond.png using Guid(19fb86013d8c24d6cb8410c0aadf30fa) Importer(815301076,1909f56bfc062723c751e8b465ee728b)  -> (artifact id: '279fe4e2a84d5dd6451d54bb4ea3f83b') in 0.030167 seconds
Number of updated asset objects reloaded before import = 0
Number of asset objects unloaded after import = 3
Editor requested this worker to shutdown with reason: Scaling down because of idle timeout
TcpMessagingSession - receive error
AssetImportWorkerClient::OnTransportError - code=2 error=End of file
AssetImportWorker is now disconnected from the server
Process exiting
Exiting without the bug reporter. Application will terminate with return code 0